
real	0m4.513s
user	0m0.157s
sys	0m0.072s
Arguements passed 10
Argument       0: opt.py
Argument       1: /scratch/c.c1809139/65182308/ZnO_oxy_face/optrun.65182308
Argument       2: 40
Argument       3: 65182308
Argument       4: /home/c.c1809139/DJW_EBMC/Pd_nps
Argument       5: ZnO_oxy_face
Argument       6: optrun.65182308
Argument       7: hawk
Argument       8: NoFix
Argument       9: /home/c.c1809139/DJW_EBMC/Pd_nps/ZnO_oxy_face/qn.pckl
------------------------------------------------------------
Work directory                 : /scratch/c.c1809139/65182308/ZnO_oxy_face/optrun.65182308
stdout file for prog           : /home/c.c1809139/DJW_EBMC/Pd_nps/vasp_ZnO_oxy_face_65182308.stdout
results_dir for this script    : /home/c.c1809139/DJW_EBMC/Pd_nps/ZnO_oxy_face/optrun.65182308
trajectory file for this run   : /home/c.c1809139/DJW_EBMC/Pd_nps/ZnO_oxy_face/optrun.65182308/ZnO_oxy_face_65182308.traj
Stem for POSCAR files of steps : /home/c.c1809139/DJW_EBMC/Pd_nps/ZnO_oxy_face/optrun.65182308/ZnO_oxy_face_65182308.traj
Machine running job            : hawk

zfix not set so will not freeze any atom co-ordinates unless pre-defined in geometry file.
------------------------------------------------------------
Running command set to:
time mpirun -np 40 /apps/local/projects/scw1057/software/fhi-aims/bin/aims.230612.scalapack.mpi.x
Cell: Cell([[16.3029, 0.0, 0.0], [-8.15145, 14.1187256, 0.0], [0.0, 0.0, 26.2229]])
0 O  -6.521078  13.177430   9.502686
1 O   1.630372   4.706195   9.502686
2 O   0.000082   7.529940   9.502686
3 O  -3.260498  13.177430   9.502686
4 O   6.521242   1.882450   9.502686
5 O   4.890952   4.706195   9.502686
6 O   3.260662   7.529940   9.502686
7 O   1.630372  10.353685   9.502686
8 O   0.000082  13.177430   9.502686
9 O   9.781822   1.882450   9.502686
10 O   6.521242   7.529940   9.502686
11 O   4.890952  10.353685   9.502686
12 O   3.260662  13.177430   9.502686
13 O  13.042402   1.882450   9.502686
14 O  11.412112   4.706195   9.502686
15 O   9.781822   7.529940   9.502686
16 O   8.151532  10.353685   9.502686
17 O   6.521242  13.177430   9.502686
18 Zn   4.890788   6.588786  10.131511
19 Zn   3.260498   3.765041  10.131511
20 Zn   3.260498   9.412531  10.131511
21 Zn  -3.260662   9.412531  10.131511
22 Zn   1.630208  12.236276  10.131511
23 Zn   1.630208   6.588786  10.131511
24 Zn  11.411948   0.941295  10.131511
25 Zn   1.630208   0.941295  10.131511
26 Zn   9.781658   3.765041  10.131511
27 Zn  -0.000082   9.412531  10.131511
28 Zn   8.151368   6.588786  10.131511
29 Zn  -4.890952  12.236276  10.131511
30 Zn   6.521078   9.412531  10.131511
31 Zn  -1.630372  12.236276  10.131511
32 Zn   4.890788  12.236276  10.131511
33 Zn  -1.630372   6.588786  10.131511
34 Zn  14.672528   0.941295  10.131511
35 Zn   8.151368   0.941295  10.131511
36 Zn  13.042238   3.765041  10.131511
37 Zn   4.890788   0.941295  10.131511
38 Zn  11.411948   6.588786  10.131511
39 Zn   6.521078   3.765041  10.131511
40 Zn   9.781658   9.412531  10.131511
41 Zn  -0.000082   3.765041  10.131511
42 Zn   8.151368  12.236276  10.131511
43 O   9.781658   3.765041  12.124976
44 O   1.630208   6.588786  12.124976
45 O   6.521078   3.765041  12.124976
46 O   8.151368   6.588786  12.124976
47 O  -3.260662   9.412531  12.124976
48 O   4.890788   0.941295  12.124976
49 O   6.521078   9.412531  12.124976
50 O   4.890788   6.588786  12.124976
51 O  -0.000082   9.412531  12.124976
52 O   4.890788  12.236276  12.124976
53 O  -1.630372   6.588786  12.124976
54 O   3.260498   9.412531  12.124976
55 O  14.672528   0.941295  12.124976
56 O   1.630208   0.941295  12.124976
57 O  -1.630372  12.236276  12.124976
58 O  13.042238   3.765041  12.124976
59 O   1.630208  12.236276  12.124976
60 O   3.260498   3.765041  12.124976
61 O  11.411948   6.588786  12.124976
62 O  -4.890952  12.236276  12.124976
63 O  11.411948   0.941295  12.124976
64 O   9.781658   9.412531  12.124976
65 O   8.151368   0.941295  12.124976
66 O  -0.000082   3.765041  12.124976
67 O   8.151368  12.236276  12.124976
68 Zn   4.890952  10.353685  12.753801
69 Zn   6.521242   1.882450  12.753801
70 Zn  -6.521078  13.177430  12.753801
71 Zn   0.000082  13.177430  12.753801
72 Zn   3.260662  13.177430  12.753801
73 Zn  -4.890788  10.353685  12.753801
74 Zn  -1.630208  10.353685  12.753801
75 Zn   4.890952   4.706195  12.753801
76 Zn  13.042402   1.882450  12.753801
77 Zn   9.781822   1.882450  12.753801
78 Zn   1.630372   4.706195  12.753801
79 Zn  -1.630208   4.706195  12.753801
80 Zn  11.412112   4.706195  12.753801
81 Zn   0.000082   1.882450  12.753801
82 Zn   8.151532   4.706195  12.753801
83 Zn   3.260662   7.529940  12.753801
84 Zn   9.781822   7.529940  12.753801
85 Zn  -3.260498  13.177430  12.753801
86 Zn   3.260662   1.882450  12.753801
87 Zn   6.521242   7.529940  12.753801
88 Zn   8.151532  10.353685  12.753801
89 Zn   0.000082   7.529940  12.753801
90 Zn   1.630372  10.353685  12.753801
91 Zn  -3.260498   7.529940  12.753801
92 Zn   6.521242  13.177430  12.753801
93 O   3.260662   7.529940  14.747266
94 O   1.630372   4.706195  14.747266
95 O  -4.890788  10.353685  14.747266
96 O   6.521242   1.882450  14.747266
97 O  13.042402   1.882450  14.747266
98 O   8.151532   4.706195  14.747266
99 O  -1.630208  10.353685  14.747266
100 O   1.630372  10.353685  14.747266
101 O   3.260662   1.882450  14.747266
102 O  11.412112   4.706195  14.747266
103 O  -6.521078  13.177430  14.747266
104 O   6.521242   7.529940  14.747266
105 O  -1.630208   4.706195  14.747266
106 O   4.890952   4.706195  14.747266
107 O   9.781822   7.529940  14.747266
108 O   0.000082  13.177430  14.747266
109 O   0.000082   7.529940  14.747266
110 O   4.890952  10.353685  14.747266
111 O  -3.260498  13.177430  14.747266
112 O   8.151532  10.353685  14.747266
113 O  -3.260498   7.529940  14.747266
114 O   0.000082   1.882450  14.747266
115 O   9.781822   1.882450  14.747266
116 O   3.260662  13.177430  14.747266
117 O   6.521242  13.177430  14.747266
118 Zn  14.672528   0.941295  15.376091
119 Zn   1.630208   0.941295  15.376091
120 Zn   1.630208  12.236276  15.376091
121 Zn   8.151368   6.588786  15.376091
122 Zn  -0.000082   9.412531  15.376091
123 Zn  -3.260662   9.412531  15.376091
124 Zn  13.042238   3.765041  15.376091
125 Zn   4.890788   6.588786  15.376091
126 Zn   8.151368   0.941295  15.376091
127 Zn  -1.630372   6.588786  15.376091
128 Zn   6.521078   9.412531  15.376091
129 Zn  11.411948   0.941295  15.376091
130 Zn  11.411948   6.588786  15.376091
131 Zn   1.630208   6.588786  15.376091
132 Zn  -4.890952  12.236276  15.376091
133 Zn   3.260498   3.765041  15.376091
134 Zn   3.260498   9.412531  15.376091
135 Zn   4.890788  12.236276  15.376091
136 Zn   9.781658   9.412531  15.376091
137 Zn  -1.630372  12.236276  15.376091
138 Zn   9.781658   3.765041  15.376091
139 Zn   6.521078   3.765041  15.376091
140 Zn   4.890788   0.941295  15.376091
141 Zn  -0.000082   3.765041  15.376091
142 Zn   8.151368  12.236276  15.376091
143 O  11.411948   0.941295  17.369556
144 O   6.521078   3.765041  17.369556
145 O   3.260498   9.412531  17.369556
146 O  13.042238   3.765041  17.369556
147 O   6.521078   9.412531  17.369556
148 O  -0.000082   9.412531  17.369556
149 O   4.890788   0.941295  17.369556
150 O   1.630208   6.588786  17.369556
151 O   3.260498   3.765041  17.369556
152 O   9.781658   3.765041  17.369556
153 O  11.411948   6.588786  17.369556
154 O   8.151368   0.941295  17.369556
155 O   4.890788  12.236276  17.369556
156 O  -3.260662   9.412531  17.369556
157 O   1.630208  12.236276  17.369556
158 O   4.890788   6.588786  17.369556
159 O   1.630208   0.941295  17.369556
160 O   9.781658   9.412531  17.369556
161 O  -0.000082   3.765041  17.369556
162 O   8.151368   6.588786  17.369556
163 O  14.672528   0.941295  17.369556
164 O  -1.630372  12.236276  17.369556
165 O  -4.890952  12.236276  17.369556
166 O  -1.630372   6.588786  17.369556
167 O   8.151368  12.236276  17.369556
168 Zn  11.412112   4.706195  17.998381
169 Zn   8.151532   4.706195  17.998381
170 Zn   0.000082  13.177430  17.998381
171 Zn  -1.630208  10.353685  17.998381
172 Zn   0.000082   7.529940  17.998381
173 Zn  -1.630208   4.706195  17.998381
174 Zn   3.260662  13.177430  17.998381
175 Zn   4.890952   4.706195  17.998381
176 Zn   9.781822   7.529940  17.998381
177 Zn  -6.521078  13.177430  17.998381
178 Zn  -4.890788  10.353685  17.998381
179 Zn   6.521242   7.529940  17.998381
180 Zn   1.630372  10.353685  17.998381
181 Zn   9.781822   1.882450  17.998381
182 Zn   0.000082   1.882450  17.998381
183 Zn  13.042402   1.882450  17.998381
184 Zn   8.151532  10.353685  17.998381
185 Zn   6.521242   1.882450  17.998381
186 Zn   3.260662   1.882450  17.998381
187 Zn  -3.260498   7.529940  17.998381
188 Zn  -3.260498  13.177430  17.998381
189 Zn   4.890952  10.353685  17.998381
190 Zn   3.260662   7.529940  17.998381
191 Zn   1.630372   4.706195  17.998381
192 Zn   6.521242  13.177430  17.998381
193 O  -1.630208  10.353685  19.991846
194 O   3.260662  13.177430  19.991846
195 O   9.781822   1.882450  19.991846
196 O   6.521242   7.529940  19.991846
197 O   0.000082   1.882450  19.991846
198 O  -1.630208   4.706195  19.991846
199 O   9.781822   7.529940  19.991846
200 O   3.260662   7.529940  19.991846
201 O   3.260662   1.882450  19.991846
202 O  -4.890788  10.353685  19.991846
203 O  -6.521078  13.177430  19.991846
204 O  13.042402   1.882450  19.991846
205 O   0.000082  13.177430  19.991846
206 O   4.890952   4.706195  19.991846
207 O   4.890952  10.353685  19.991846
208 O   8.151532  10.353685  19.991846
209 O   8.151532   4.706195  19.991846
210 O   1.630372   4.706195  19.991846
211 O  -3.260498   7.529940  19.991846
212 O   6.521242   1.882450  19.991846
213 O   0.000082   7.529940  19.991846
214 O  11.412112   4.706195  19.991846
215 O   1.630372  10.353685  19.991846
216 O  -3.260498  13.177430  19.991846
217 O   6.521242  13.177430  19.991846
218 Zn  11.411948   6.588786  20.620671
219 Zn  -1.630372   6.588786  20.620671
220 Zn  14.672528   0.941295  20.620671
221 Zn   3.260498   9.412531  20.620671
222 Zn   3.260498   3.765041  20.620671
223 Zn  -3.260662   9.412531  20.620671
224 Zn  -0.000082   3.765041  20.620671
225 Zn   4.890788   6.588786  20.620671
226 Zn   9.781658   9.412531  20.620671
227 Zn  11.411948   0.941295  20.620671
228 Zn   4.890788   0.941295  20.620671
229 Zn  13.042238   3.765041  20.620671
230 Zn   8.151368   6.588786  20.620671
231 Zn   4.890788  12.236276  20.620671
232 Zn   6.521078   3.765041  20.620671
233 Zn  -0.000082   9.412531  20.620671
234 Zn   8.151368   0.941295  20.620671
235 Zn   8.151368  12.236276  20.620671
236 Pd   2.946000   5.535954   5.602229
237 Pd   2.946000   5.535954   7.102229
238 Pd   4.891000   4.413007   7.102229
239 Pd   2.946000   7.781846   7.102229
240 Pd   6.836000   5.535954   5.602229
241 Pd   6.836000   5.535954   7.102229
242 Pd   4.891000   6.658900   5.602229
243 Pd   4.891000   8.904793   5.602229
244 Pd   4.891000   8.904793   7.102229
245 Pd   6.836000   7.781846   7.102229
You are using i-Pi based socket connectivity between ASE and FHI-aims.
The communicated energy in Hartree units will be converted to eV in ASE and not FHI-aims.
The eV/Hartree unit in FHI-aims is given by CODATA 2002 (Web Version 4.0 2003-12-09), Peter J. Mohr, Barry N. Taylor
ASE uses CODATA 2014, thus the energy in eV from ASE and the FHI-aims outputs will differ.
Please be consistent in the unit conversion for data analysis!
You can turn off this message by setting 'codata_warning' keyword to False.
Traceback (most recent call last):
  File "/apps/chemistry/ase/3.20.1/el7/AVX512/gnu-7.3/ase/calculators/socketio.py", line 291, in _accept
    self.clientsocket, self.address = self.serversocket.accept()
  File "/apps/languages/python/intel/2020u1/intelpython3/lib/python3.7/socket.py", line 212, in accept
    fd, addr = self._accept()
socket.timeout: timed out

During handling of the above exception, another exception occurred:

Traceback (most recent call last):
  File "opt.py", line 216, in <module>
    energy=atoms.get_potential_energy()
  File "/apps/chemistry/ase/3.20.1/el7/AVX512/gnu-7.3/ase/atoms.py", line 733, in get_potential_energy
    energy = self._calc.get_potential_energy(self)
  File "/apps/chemistry/ase/3.20.1/el7/AVX512/gnu-7.3/ase/calculators/calculator.py", line 682, in get_potential_energy
    energy = self.get_property('energy', atoms)
  File "/apps/chemistry/ase/3.20.1/el7/AVX512/gnu-7.3/ase/calculators/calculator.py", line 738, in get_property
    self.calculate(atoms, [name], system_changes)
  File "/apps/chemistry/ase/3.20.1/el7/AVX512/gnu-7.3/ase/calculators/socketio.py", line 637, in calculate
    results = self.server.calculate(atoms)
  File "/apps/chemistry/ase/3.20.1/el7/AVX512/gnu-7.3/ase/calculators/socketio.py", line 352, in calculate
    self._accept()
  File "/apps/chemistry/ase/3.20.1/el7/AVX512/gnu-7.3/ase/calculators/socketio.py", line 297, in _accept
    ' with status {}'.format(status))
OSError: Subprocess terminated unexpectedly with status 0
Command failed, retrying in  seconds (attempt 1/3)
sleep: invalid time interval ‘’
Try 'sleep --help' for more information.

real	0m2.674s
user	0m0.079s
sys	0m0.048s
Arguements passed 10
Argument       0: opt.py
Argument       1: /scratch/c.c1809139/65182308/ZnO_oxy_face/optrun.65182308
Argument       2: 40
Argument       3: 65182308
Argument       4: /home/c.c1809139/DJW_EBMC/Pd_nps
Argument       5: ZnO_oxy_face
Argument       6: optrun.65182308
Argument       7: hawk
Argument       8: NoFix
Argument       9: /home/c.c1809139/DJW_EBMC/Pd_nps/ZnO_oxy_face/qn.pckl
------------------------------------------------------------
Work directory                 : /scratch/c.c1809139/65182308/ZnO_oxy_face/optrun.65182308
stdout file for prog           : /home/c.c1809139/DJW_EBMC/Pd_nps/vasp_ZnO_oxy_face_65182308.stdout
results_dir for this script    : /home/c.c1809139/DJW_EBMC/Pd_nps/ZnO_oxy_face/optrun.65182308
trajectory file for this run   : /home/c.c1809139/DJW_EBMC/Pd_nps/ZnO_oxy_face/optrun.65182308/ZnO_oxy_face_65182308.traj
Stem for POSCAR files of steps : /home/c.c1809139/DJW_EBMC/Pd_nps/ZnO_oxy_face/optrun.65182308/ZnO_oxy_face_65182308.traj
Machine running job            : hawk

zfix not set so will not freeze any atom co-ordinates unless pre-defined in geometry file.
------------------------------------------------------------
Running command set to:
time mpirun -np 40 /apps/local/projects/scw1057/software/fhi-aims/bin/aims.230612.scalapack.mpi.x
Cell: Cell([[16.3029, 0.0, 0.0], [-8.15145, 14.1187256, 0.0], [0.0, 0.0, 26.2229]])
0 O  -6.521078  13.177430   9.502686
1 O   1.630372   4.706195   9.502686
2 O   0.000082   7.529940   9.502686
3 O  -3.260498  13.177430   9.502686
4 O   6.521242   1.882450   9.502686
5 O   4.890952   4.706195   9.502686
6 O   3.260662   7.529940   9.502686
7 O   1.630372  10.353685   9.502686
8 O   0.000082  13.177430   9.502686
9 O   9.781822   1.882450   9.502686
10 O   6.521242   7.529940   9.502686
11 O   4.890952  10.353685   9.502686
12 O   3.260662  13.177430   9.502686
13 O  13.042402   1.882450   9.502686
14 O  11.412112   4.706195   9.502686
15 O   9.781822   7.529940   9.502686
16 O   8.151532  10.353685   9.502686
17 O   6.521242  13.177430   9.502686
18 Zn   4.890788   6.588786  10.131511
19 Zn   3.260498   3.765041  10.131511
20 Zn   3.260498   9.412531  10.131511
21 Zn  -3.260662   9.412531  10.131511
22 Zn   1.630208  12.236276  10.131511
23 Zn   1.630208   6.588786  10.131511
24 Zn  11.411948   0.941295  10.131511
25 Zn   1.630208   0.941295  10.131511
26 Zn   9.781658   3.765041  10.131511
27 Zn  -0.000082   9.412531  10.131511
28 Zn   8.151368   6.588786  10.131511
29 Zn  -4.890952  12.236276  10.131511
30 Zn   6.521078   9.412531  10.131511
31 Zn  -1.630372  12.236276  10.131511
32 Zn   4.890788  12.236276  10.131511
33 Zn  -1.630372   6.588786  10.131511
34 Zn  14.672528   0.941295  10.131511
35 Zn   8.151368   0.941295  10.131511
36 Zn  13.042238   3.765041  10.131511
37 Zn   4.890788   0.941295  10.131511
38 Zn  11.411948   6.588786  10.131511
39 Zn   6.521078   3.765041  10.131511
40 Zn   9.781658   9.412531  10.131511
41 Zn  -0.000082   3.765041  10.131511
42 Zn   8.151368  12.236276  10.131511
43 O   9.781658   3.765041  12.124976
44 O   1.630208   6.588786  12.124976
45 O   6.521078   3.765041  12.124976
46 O   8.151368   6.588786  12.124976
47 O  -3.260662   9.412531  12.124976
48 O   4.890788   0.941295  12.124976
49 O   6.521078   9.412531  12.124976
50 O   4.890788   6.588786  12.124976
51 O  -0.000082   9.412531  12.124976
52 O   4.890788  12.236276  12.124976
53 O  -1.630372   6.588786  12.124976
54 O   3.260498   9.412531  12.124976
55 O  14.672528   0.941295  12.124976
56 O   1.630208   0.941295  12.124976
57 O  -1.630372  12.236276  12.124976
58 O  13.042238   3.765041  12.124976
59 O   1.630208  12.236276  12.124976
60 O   3.260498   3.765041  12.124976
61 O  11.411948   6.588786  12.124976
62 O  -4.890952  12.236276  12.124976
63 O  11.411948   0.941295  12.124976
64 O   9.781658   9.412531  12.124976
65 O   8.151368   0.941295  12.124976
66 O  -0.000082   3.765041  12.124976
67 O   8.151368  12.236276  12.124976
68 Zn   4.890952  10.353685  12.753801
69 Zn   6.521242   1.882450  12.753801
70 Zn  -6.521078  13.177430  12.753801
71 Zn   0.000082  13.177430  12.753801
72 Zn   3.260662  13.177430  12.753801
73 Zn  -4.890788  10.353685  12.753801
74 Zn  -1.630208  10.353685  12.753801
75 Zn   4.890952   4.706195  12.753801
76 Zn  13.042402   1.882450  12.753801
77 Zn   9.781822   1.882450  12.753801
78 Zn   1.630372   4.706195  12.753801
79 Zn  -1.630208   4.706195  12.753801
80 Zn  11.412112   4.706195  12.753801
81 Zn   0.000082   1.882450  12.753801
82 Zn   8.151532   4.706195  12.753801
83 Zn   3.260662   7.529940  12.753801
84 Zn   9.781822   7.529940  12.753801
85 Zn  -3.260498  13.177430  12.753801
86 Zn   3.260662   1.882450  12.753801
87 Zn   6.521242   7.529940  12.753801
88 Zn   8.151532  10.353685  12.753801
89 Zn   0.000082   7.529940  12.753801
90 Zn   1.630372  10.353685  12.753801
91 Zn  -3.260498   7.529940  12.753801
92 Zn   6.521242  13.177430  12.753801
93 O   3.260662   7.529940  14.747266
94 O   1.630372   4.706195  14.747266
95 O  -4.890788  10.353685  14.747266
96 O   6.521242   1.882450  14.747266
97 O  13.042402   1.882450  14.747266
98 O   8.151532   4.706195  14.747266
99 O  -1.630208  10.353685  14.747266
100 O   1.630372  10.353685  14.747266
101 O   3.260662   1.882450  14.747266
102 O  11.412112   4.706195  14.747266
103 O  -6.521078  13.177430  14.747266
104 O   6.521242   7.529940  14.747266
105 O  -1.630208   4.706195  14.747266
106 O   4.890952   4.706195  14.747266
107 O   9.781822   7.529940  14.747266
108 O   0.000082  13.177430  14.747266
109 O   0.000082   7.529940  14.747266
110 O   4.890952  10.353685  14.747266
111 O  -3.260498  13.177430  14.747266
112 O   8.151532  10.353685  14.747266
113 O  -3.260498   7.529940  14.747266
114 O   0.000082   1.882450  14.747266
115 O   9.781822   1.882450  14.747266
116 O   3.260662  13.177430  14.747266
117 O   6.521242  13.177430  14.747266
118 Zn  14.672528   0.941295  15.376091
119 Zn   1.630208   0.941295  15.376091
120 Zn   1.630208  12.236276  15.376091
121 Zn   8.151368   6.588786  15.376091
122 Zn  -0.000082   9.412531  15.376091
123 Zn  -3.260662   9.412531  15.376091
124 Zn  13.042238   3.765041  15.376091
125 Zn   4.890788   6.588786  15.376091
126 Zn   8.151368   0.941295  15.376091
127 Zn  -1.630372   6.588786  15.376091
128 Zn   6.521078   9.412531  15.376091
129 Zn  11.411948   0.941295  15.376091
130 Zn  11.411948   6.588786  15.376091
131 Zn   1.630208   6.588786  15.376091
132 Zn  -4.890952  12.236276  15.376091
133 Zn   3.260498   3.765041  15.376091
134 Zn   3.260498   9.412531  15.376091
135 Zn   4.890788  12.236276  15.376091
136 Zn   9.781658   9.412531  15.376091
137 Zn  -1.630372  12.236276  15.376091
138 Zn   9.781658   3.765041  15.376091
139 Zn   6.521078   3.765041  15.376091
140 Zn   4.890788   0.941295  15.376091
141 Zn  -0.000082   3.765041  15.376091
142 Zn   8.151368  12.236276  15.376091
143 O  11.411948   0.941295  17.369556
144 O   6.521078   3.765041  17.369556
145 O   3.260498   9.412531  17.369556
146 O  13.042238   3.765041  17.369556
147 O   6.521078   9.412531  17.369556
148 O  -0.000082   9.412531  17.369556
149 O   4.890788   0.941295  17.369556
150 O   1.630208   6.588786  17.369556
151 O   3.260498   3.765041  17.369556
152 O   9.781658   3.765041  17.369556
153 O  11.411948   6.588786  17.369556
154 O   8.151368   0.941295  17.369556
155 O   4.890788  12.236276  17.369556
156 O  -3.260662   9.412531  17.369556
157 O   1.630208  12.236276  17.369556
158 O   4.890788   6.588786  17.369556
159 O   1.630208   0.941295  17.369556
160 O   9.781658   9.412531  17.369556
161 O  -0.000082   3.765041  17.369556
162 O   8.151368   6.588786  17.369556
163 O  14.672528   0.941295  17.369556
164 O  -1.630372  12.236276  17.369556
165 O  -4.890952  12.236276  17.369556
166 O  -1.630372   6.588786  17.369556
167 O   8.151368  12.236276  17.369556
168 Zn  11.412112   4.706195  17.998381
169 Zn   8.151532   4.706195  17.998381
170 Zn   0.000082  13.177430  17.998381
171 Zn  -1.630208  10.353685  17.998381
172 Zn   0.000082   7.529940  17.998381
173 Zn  -1.630208   4.706195  17.998381
174 Zn   3.260662  13.177430  17.998381
175 Zn   4.890952   4.706195  17.998381
176 Zn   9.781822   7.529940  17.998381
177 Zn  -6.521078  13.177430  17.998381
178 Zn  -4.890788  10.353685  17.998381
179 Zn   6.521242   7.529940  17.998381
180 Zn   1.630372  10.353685  17.998381
181 Zn   9.781822   1.882450  17.998381
182 Zn   0.000082   1.882450  17.998381
183 Zn  13.042402   1.882450  17.998381
184 Zn   8.151532  10.353685  17.998381
185 Zn   6.521242   1.882450  17.998381
186 Zn   3.260662   1.882450  17.998381
187 Zn  -3.260498   7.529940  17.998381
188 Zn  -3.260498  13.177430  17.998381
189 Zn   4.890952  10.353685  17.998381
190 Zn   3.260662   7.529940  17.998381
191 Zn   1.630372   4.706195  17.998381
192 Zn   6.521242  13.177430  17.998381
193 O  -1.630208  10.353685  19.991846
194 O   3.260662  13.177430  19.991846
195 O   9.781822   1.882450  19.991846
196 O   6.521242   7.529940  19.991846
197 O   0.000082   1.882450  19.991846
198 O  -1.630208   4.706195  19.991846
199 O   9.781822   7.529940  19.991846
200 O   3.260662   7.529940  19.991846
201 O   3.260662   1.882450  19.991846
202 O  -4.890788  10.353685  19.991846
203 O  -6.521078  13.177430  19.991846
204 O  13.042402   1.882450  19.991846
205 O   0.000082  13.177430  19.991846
206 O   4.890952   4.706195  19.991846
207 O   4.890952  10.353685  19.991846
208 O   8.151532  10.353685  19.991846
209 O   8.151532   4.706195  19.991846
210 O   1.630372   4.706195  19.991846
211 O  -3.260498   7.529940  19.991846
212 O   6.521242   1.882450  19.991846
213 O   0.000082   7.529940  19.991846
214 O  11.412112   4.706195  19.991846
215 O   1.630372  10.353685  19.991846
216 O  -3.260498  13.177430  19.991846
217 O   6.521242  13.177430  19.991846
218 Zn  11.411948   6.588786  20.620671
219 Zn  -1.630372   6.588786  20.620671
220 Zn  14.672528   0.941295  20.620671
221 Zn   3.260498   9.412531  20.620671
222 Zn   3.260498   3.765041  20.620671
223 Zn  -3.260662   9.412531  20.620671
224 Zn  -0.000082   3.765041  20.620671
225 Zn   4.890788   6.588786  20.620671
226 Zn   9.781658   9.412531  20.620671
227 Zn  11.411948   0.941295  20.620671
228 Zn   4.890788   0.941295  20.620671
229 Zn  13.042238   3.765041  20.620671
230 Zn   8.151368   6.588786  20.620671
231 Zn   4.890788  12.236276  20.620671
232 Zn   6.521078   3.765041  20.620671
233 Zn  -0.000082   9.412531  20.620671
234 Zn   8.151368   0.941295  20.620671
235 Zn   8.151368  12.236276  20.620671
236 Pd   2.946000   5.535954   5.602229
237 Pd   2.946000   5.535954   7.102229
238 Pd   4.891000   4.413007   7.102229
239 Pd   2.946000   7.781846   7.102229
240 Pd   6.836000   5.535954   5.602229
241 Pd   6.836000   5.535954   7.102229
242 Pd   4.891000   6.658900   5.602229
243 Pd   4.891000   8.904793   5.602229
244 Pd   4.891000   8.904793   7.102229
245 Pd   6.836000   7.781846   7.102229
You are using i-Pi based socket connectivity between ASE and FHI-aims.
The communicated energy in Hartree units will be converted to eV in ASE and not FHI-aims.
The eV/Hartree unit in FHI-aims is given by CODATA 2002 (Web Version 4.0 2003-12-09), Peter J. Mohr, Barry N. Taylor
ASE uses CODATA 2014, thus the energy in eV from ASE and the FHI-aims outputs will differ.
Please be consistent in the unit conversion for data analysis!
You can turn off this message by setting 'codata_warning' keyword to False.
Traceback (most recent call last):
  File "/apps/chemistry/ase/3.20.1/el7/AVX512/gnu-7.3/ase/calculators/socketio.py", line 291, in _accept
    self.clientsocket, self.address = self.serversocket.accept()
  File "/apps/languages/python/intel/2020u1/intelpython3/lib/python3.7/socket.py", line 212, in accept
    fd, addr = self._accept()
socket.timeout: timed out

During handling of the above exception, another exception occurred:

Traceback (most recent call last):
  File "opt.py", line 216, in <module>
    energy=atoms.get_potential_energy()
  File "/apps/chemistry/ase/3.20.1/el7/AVX512/gnu-7.3/ase/atoms.py", line 733, in get_potential_energy
    energy = self._calc.get_potential_energy(self)
  File "/apps/chemistry/ase/3.20.1/el7/AVX512/gnu-7.3/ase/calculators/calculator.py", line 682, in get_potential_energy
    energy = self.get_property('energy', atoms)
  File "/apps/chemistry/ase/3.20.1/el7/AVX512/gnu-7.3/ase/calculators/calculator.py", line 738, in get_property
    self.calculate(atoms, [name], system_changes)
  File "/apps/chemistry/ase/3.20.1/el7/AVX512/gnu-7.3/ase/calculators/socketio.py", line 637, in calculate
    results = self.server.calculate(atoms)
  File "/apps/chemistry/ase/3.20.1/el7/AVX512/gnu-7.3/ase/calculators/socketio.py", line 352, in calculate
    self._accept()
  File "/apps/chemistry/ase/3.20.1/el7/AVX512/gnu-7.3/ase/calculators/socketio.py", line 297, in _accept
    ' with status {}'.format(status))
OSError: Subprocess terminated unexpectedly with status 0
Command failed, retrying in  seconds (attempt 2/3)
sleep: invalid time interval ‘’
Try 'sleep --help' for more information.

real	0m2.884s
user	0m0.075s
sys	0m0.047s
Arguements passed 10
Argument       0: opt.py
Argument       1: /scratch/c.c1809139/65182308/ZnO_oxy_face/optrun.65182308
Argument       2: 40
Argument       3: 65182308
Argument       4: /home/c.c1809139/DJW_EBMC/Pd_nps
Argument       5: ZnO_oxy_face
Argument       6: optrun.65182308
Argument       7: hawk
Argument       8: NoFix
Argument       9: /home/c.c1809139/DJW_EBMC/Pd_nps/ZnO_oxy_face/qn.pckl
------------------------------------------------------------
Work directory                 : /scratch/c.c1809139/65182308/ZnO_oxy_face/optrun.65182308
stdout file for prog           : /home/c.c1809139/DJW_EBMC/Pd_nps/vasp_ZnO_oxy_face_65182308.stdout
results_dir for this script    : /home/c.c1809139/DJW_EBMC/Pd_nps/ZnO_oxy_face/optrun.65182308
trajectory file for this run   : /home/c.c1809139/DJW_EBMC/Pd_nps/ZnO_oxy_face/optrun.65182308/ZnO_oxy_face_65182308.traj
Stem for POSCAR files of steps : /home/c.c1809139/DJW_EBMC/Pd_nps/ZnO_oxy_face/optrun.65182308/ZnO_oxy_face_65182308.traj
Machine running job            : hawk

zfix not set so will not freeze any atom co-ordinates unless pre-defined in geometry file.
------------------------------------------------------------
Running command set to:
time mpirun -np 40 /apps/local/projects/scw1057/software/fhi-aims/bin/aims.230612.scalapack.mpi.x
Cell: Cell([[16.3029, 0.0, 0.0], [-8.15145, 14.1187256, 0.0], [0.0, 0.0, 26.2229]])
0 O  -6.521078  13.177430   9.502686
1 O   1.630372   4.706195   9.502686
2 O   0.000082   7.529940   9.502686
3 O  -3.260498  13.177430   9.502686
4 O   6.521242   1.882450   9.502686
5 O   4.890952   4.706195   9.502686
6 O   3.260662   7.529940   9.502686
7 O   1.630372  10.353685   9.502686
8 O   0.000082  13.177430   9.502686
9 O   9.781822   1.882450   9.502686
10 O   6.521242   7.529940   9.502686
11 O   4.890952  10.353685   9.502686
12 O   3.260662  13.177430   9.502686
13 O  13.042402   1.882450   9.502686
14 O  11.412112   4.706195   9.502686
15 O   9.781822   7.529940   9.502686
16 O   8.151532  10.353685   9.502686
17 O   6.521242  13.177430   9.502686
18 Zn   4.890788   6.588786  10.131511
19 Zn   3.260498   3.765041  10.131511
20 Zn   3.260498   9.412531  10.131511
21 Zn  -3.260662   9.412531  10.131511
22 Zn   1.630208  12.236276  10.131511
23 Zn   1.630208   6.588786  10.131511
24 Zn  11.411948   0.941295  10.131511
25 Zn   1.630208   0.941295  10.131511
26 Zn   9.781658   3.765041  10.131511
27 Zn  -0.000082   9.412531  10.131511
28 Zn   8.151368   6.588786  10.131511
29 Zn  -4.890952  12.236276  10.131511
30 Zn   6.521078   9.412531  10.131511
31 Zn  -1.630372  12.236276  10.131511
32 Zn   4.890788  12.236276  10.131511
33 Zn  -1.630372   6.588786  10.131511
34 Zn  14.672528   0.941295  10.131511
35 Zn   8.151368   0.941295  10.131511
36 Zn  13.042238   3.765041  10.131511
37 Zn   4.890788   0.941295  10.131511
38 Zn  11.411948   6.588786  10.131511
39 Zn   6.521078   3.765041  10.131511
40 Zn   9.781658   9.412531  10.131511
41 Zn  -0.000082   3.765041  10.131511
42 Zn   8.151368  12.236276  10.131511
43 O   9.781658   3.765041  12.124976
44 O   1.630208   6.588786  12.124976
45 O   6.521078   3.765041  12.124976
46 O   8.151368   6.588786  12.124976
47 O  -3.260662   9.412531  12.124976
48 O   4.890788   0.941295  12.124976
49 O   6.521078   9.412531  12.124976
50 O   4.890788   6.588786  12.124976
51 O  -0.000082   9.412531  12.124976
52 O   4.890788  12.236276  12.124976
53 O  -1.630372   6.588786  12.124976
54 O   3.260498   9.412531  12.124976
55 O  14.672528   0.941295  12.124976
56 O   1.630208   0.941295  12.124976
57 O  -1.630372  12.236276  12.124976
58 O  13.042238   3.765041  12.124976
59 O   1.630208  12.236276  12.124976
60 O   3.260498   3.765041  12.124976
61 O  11.411948   6.588786  12.124976
62 O  -4.890952  12.236276  12.124976
63 O  11.411948   0.941295  12.124976
64 O   9.781658   9.412531  12.124976
65 O   8.151368   0.941295  12.124976
66 O  -0.000082   3.765041  12.124976
67 O   8.151368  12.236276  12.124976
68 Zn   4.890952  10.353685  12.753801
69 Zn   6.521242   1.882450  12.753801
70 Zn  -6.521078  13.177430  12.753801
71 Zn   0.000082  13.177430  12.753801
72 Zn   3.260662  13.177430  12.753801
73 Zn  -4.890788  10.353685  12.753801
74 Zn  -1.630208  10.353685  12.753801
75 Zn   4.890952   4.706195  12.753801
76 Zn  13.042402   1.882450  12.753801
77 Zn   9.781822   1.882450  12.753801
78 Zn   1.630372   4.706195  12.753801
79 Zn  -1.630208   4.706195  12.753801
80 Zn  11.412112   4.706195  12.753801
81 Zn   0.000082   1.882450  12.753801
82 Zn   8.151532   4.706195  12.753801
83 Zn   3.260662   7.529940  12.753801
84 Zn   9.781822   7.529940  12.753801
85 Zn  -3.260498  13.177430  12.753801
86 Zn   3.260662   1.882450  12.753801
87 Zn   6.521242   7.529940  12.753801
88 Zn   8.151532  10.353685  12.753801
89 Zn   0.000082   7.529940  12.753801
90 Zn   1.630372  10.353685  12.753801
91 Zn  -3.260498   7.529940  12.753801
92 Zn   6.521242  13.177430  12.753801
93 O   3.260662   7.529940  14.747266
94 O   1.630372   4.706195  14.747266
95 O  -4.890788  10.353685  14.747266
96 O   6.521242   1.882450  14.747266
97 O  13.042402   1.882450  14.747266
98 O   8.151532   4.706195  14.747266
99 O  -1.630208  10.353685  14.747266
100 O   1.630372  10.353685  14.747266
101 O   3.260662   1.882450  14.747266
102 O  11.412112   4.706195  14.747266
103 O  -6.521078  13.177430  14.747266
104 O   6.521242   7.529940  14.747266
105 O  -1.630208   4.706195  14.747266
106 O   4.890952   4.706195  14.747266
107 O   9.781822   7.529940  14.747266
108 O   0.000082  13.177430  14.747266
109 O   0.000082   7.529940  14.747266
110 O   4.890952  10.353685  14.747266
111 O  -3.260498  13.177430  14.747266
112 O   8.151532  10.353685  14.747266
113 O  -3.260498   7.529940  14.747266
114 O   0.000082   1.882450  14.747266
115 O   9.781822   1.882450  14.747266
116 O   3.260662  13.177430  14.747266
117 O   6.521242  13.177430  14.747266
118 Zn  14.672528   0.941295  15.376091
119 Zn   1.630208   0.941295  15.376091
120 Zn   1.630208  12.236276  15.376091
121 Zn   8.151368   6.588786  15.376091
122 Zn  -0.000082   9.412531  15.376091
123 Zn  -3.260662   9.412531  15.376091
124 Zn  13.042238   3.765041  15.376091
125 Zn   4.890788   6.588786  15.376091
126 Zn   8.151368   0.941295  15.376091
127 Zn  -1.630372   6.588786  15.376091
128 Zn   6.521078   9.412531  15.376091
129 Zn  11.411948   0.941295  15.376091
130 Zn  11.411948   6.588786  15.376091
131 Zn   1.630208   6.588786  15.376091
132 Zn  -4.890952  12.236276  15.376091
133 Zn   3.260498   3.765041  15.376091
134 Zn   3.260498   9.412531  15.376091
135 Zn   4.890788  12.236276  15.376091
136 Zn   9.781658   9.412531  15.376091
137 Zn  -1.630372  12.236276  15.376091
138 Zn   9.781658   3.765041  15.376091
139 Zn   6.521078   3.765041  15.376091
140 Zn   4.890788   0.941295  15.376091
141 Zn  -0.000082   3.765041  15.376091
142 Zn   8.151368  12.236276  15.376091
143 O  11.411948   0.941295  17.369556
144 O   6.521078   3.765041  17.369556
145 O   3.260498   9.412531  17.369556
146 O  13.042238   3.765041  17.369556
147 O   6.521078   9.412531  17.369556
148 O  -0.000082   9.412531  17.369556
149 O   4.890788   0.941295  17.369556
150 O   1.630208   6.588786  17.369556
151 O   3.260498   3.765041  17.369556
152 O   9.781658   3.765041  17.369556
153 O  11.411948   6.588786  17.369556
154 O   8.151368   0.941295  17.369556
155 O   4.890788  12.236276  17.369556
156 O  -3.260662   9.412531  17.369556
157 O   1.630208  12.236276  17.369556
158 O   4.890788   6.588786  17.369556
159 O   1.630208   0.941295  17.369556
160 O   9.781658   9.412531  17.369556
161 O  -0.000082   3.765041  17.369556
162 O   8.151368   6.588786  17.369556
163 O  14.672528   0.941295  17.369556
164 O  -1.630372  12.236276  17.369556
165 O  -4.890952  12.236276  17.369556
166 O  -1.630372   6.588786  17.369556
167 O   8.151368  12.236276  17.369556
168 Zn  11.412112   4.706195  17.998381
169 Zn   8.151532   4.706195  17.998381
170 Zn   0.000082  13.177430  17.998381
171 Zn  -1.630208  10.353685  17.998381
172 Zn   0.000082   7.529940  17.998381
173 Zn  -1.630208   4.706195  17.998381
174 Zn   3.260662  13.177430  17.998381
175 Zn   4.890952   4.706195  17.998381
176 Zn   9.781822   7.529940  17.998381
177 Zn  -6.521078  13.177430  17.998381
178 Zn  -4.890788  10.353685  17.998381
179 Zn   6.521242   7.529940  17.998381
180 Zn   1.630372  10.353685  17.998381
181 Zn   9.781822   1.882450  17.998381
182 Zn   0.000082   1.882450  17.998381
183 Zn  13.042402   1.882450  17.998381
184 Zn   8.151532  10.353685  17.998381
185 Zn   6.521242   1.882450  17.998381
186 Zn   3.260662   1.882450  17.998381
187 Zn  -3.260498   7.529940  17.998381
188 Zn  -3.260498  13.177430  17.998381
189 Zn   4.890952  10.353685  17.998381
190 Zn   3.260662   7.529940  17.998381
191 Zn   1.630372   4.706195  17.998381
192 Zn   6.521242  13.177430  17.998381
193 O  -1.630208  10.353685  19.991846
194 O   3.260662  13.177430  19.991846
195 O   9.781822   1.882450  19.991846
196 O   6.521242   7.529940  19.991846
197 O   0.000082   1.882450  19.991846
198 O  -1.630208   4.706195  19.991846
199 O   9.781822   7.529940  19.991846
200 O   3.260662   7.529940  19.991846
201 O   3.260662   1.882450  19.991846
202 O  -4.890788  10.353685  19.991846
203 O  -6.521078  13.177430  19.991846
204 O  13.042402   1.882450  19.991846
205 O   0.000082  13.177430  19.991846
206 O   4.890952   4.706195  19.991846
207 O   4.890952  10.353685  19.991846
208 O   8.151532  10.353685  19.991846
209 O   8.151532   4.706195  19.991846
210 O   1.630372   4.706195  19.991846
211 O  -3.260498   7.529940  19.991846
212 O   6.521242   1.882450  19.991846
213 O   0.000082   7.529940  19.991846
214 O  11.412112   4.706195  19.991846
215 O   1.630372  10.353685  19.991846
216 O  -3.260498  13.177430  19.991846
217 O   6.521242  13.177430  19.991846
218 Zn  11.411948   6.588786  20.620671
219 Zn  -1.630372   6.588786  20.620671
220 Zn  14.672528   0.941295  20.620671
221 Zn   3.260498   9.412531  20.620671
222 Zn   3.260498   3.765041  20.620671
223 Zn  -3.260662   9.412531  20.620671
224 Zn  -0.000082   3.765041  20.620671
225 Zn   4.890788   6.588786  20.620671
226 Zn   9.781658   9.412531  20.620671
227 Zn  11.411948   0.941295  20.620671
228 Zn   4.890788   0.941295  20.620671
229 Zn  13.042238   3.765041  20.620671
230 Zn   8.151368   6.588786  20.620671
231 Zn   4.890788  12.236276  20.620671
232 Zn   6.521078   3.765041  20.620671
233 Zn  -0.000082   9.412531  20.620671
234 Zn   8.151368   0.941295  20.620671
235 Zn   8.151368  12.236276  20.620671
236 Pd   2.946000   5.535954   5.602229
237 Pd   2.946000   5.535954   7.102229
238 Pd   4.891000   4.413007   7.102229
239 Pd   2.946000   7.781846   7.102229
240 Pd   6.836000   5.535954   5.602229
241 Pd   6.836000   5.535954   7.102229
242 Pd   4.891000   6.658900   5.602229
243 Pd   4.891000   8.904793   5.602229
244 Pd   4.891000   8.904793   7.102229
245 Pd   6.836000   7.781846   7.102229
You are using i-Pi based socket connectivity between ASE and FHI-aims.
The communicated energy in Hartree units will be converted to eV in ASE and not FHI-aims.
The eV/Hartree unit in FHI-aims is given by CODATA 2002 (Web Version 4.0 2003-12-09), Peter J. Mohr, Barry N. Taylor
ASE uses CODATA 2014, thus the energy in eV from ASE and the FHI-aims outputs will differ.
Please be consistent in the unit conversion for data analysis!
You can turn off this message by setting 'codata_warning' keyword to False.
Traceback (most recent call last):
  File "/apps/chemistry/ase/3.20.1/el7/AVX512/gnu-7.3/ase/calculators/socketio.py", line 291, in _accept
    self.clientsocket, self.address = self.serversocket.accept()
  File "/apps/languages/python/intel/2020u1/intelpython3/lib/python3.7/socket.py", line 212, in accept
    fd, addr = self._accept()
socket.timeout: timed out

During handling of the above exception, another exception occurred:

Traceback (most recent call last):
  File "opt.py", line 216, in <module>
    energy=atoms.get_potential_energy()
  File "/apps/chemistry/ase/3.20.1/el7/AVX512/gnu-7.3/ase/atoms.py", line 733, in get_potential_energy
    energy = self._calc.get_potential_energy(self)
  File "/apps/chemistry/ase/3.20.1/el7/AVX512/gnu-7.3/ase/calculators/calculator.py", line 682, in get_potential_energy
    energy = self.get_property('energy', atoms)
  File "/apps/chemistry/ase/3.20.1/el7/AVX512/gnu-7.3/ase/calculators/calculator.py", line 738, in get_property
    self.calculate(atoms, [name], system_changes)
  File "/apps/chemistry/ase/3.20.1/el7/AVX512/gnu-7.3/ase/calculators/socketio.py", line 637, in calculate
    results = self.server.calculate(atoms)
  File "/apps/chemistry/ase/3.20.1/el7/AVX512/gnu-7.3/ase/calculators/socketio.py", line 352, in calculate
    self._accept()
  File "/apps/chemistry/ase/3.20.1/el7/AVX512/gnu-7.3/ase/calculators/socketio.py", line 297, in _accept
    ' with status {}'.format(status))
OSError: Subprocess terminated unexpectedly with status 0
Command failed, retrying in  seconds (attempt 3/3)
sleep: invalid time interval ‘’
Try 'sleep --help' for more information.
Command failed after 3 attempts: python3 opt.py /scratch/c.c1809139/65182308/ZnO_oxy_face/optrun.65182308 40 65182308 /home/c.c1809139/DJW_EBMC/Pd_nps ZnO_oxy_face optrun.65182308 hawk NoFix /home/c.c1809139/DJW_EBMC/Pd_nps/ZnO_oxy_face/qn.pckl
